"[2018-02-19 15:30:00] INFO [hashcode_pizza.genetic.run:201] Genetic Algorithm parameters:
   Maximum number of epochs:   100
Threshold to stop evolution:   90%
                     Retain:   20%
                     Select:    5%
                     Mutate:    1%"
"[2018-02-19 15:30:00] INFO [hashcode_pizza.genetic.run:207] Epoch 0, Solution{fitness=0.6666666666666666, slices=2}
 1  1  1  0  0
 1  1  1  2  2
 0  0  0  2  2"
"[2018-02-19 15:30:00] INFO [hashcode_pizza.genetic.run:207] Epoch 10, Solution{fitness=0.8, slices=2}
 1  1  1  2  2
 1  1  1  2  2
 0  0  0  2  2"
"[2018-02-19 15:30:00] INFO [hashcode_pizza.genetic.run:207] Epoch 20, Solution{fitness=0.8, slices=2}
 1  1  1  2  2
 1  1  1  2  2
 0  0  0  2  2"
"[2018-02-19 15:30:00] INFO [hashcode_pizza.genetic.run:207] Epoch 30, Solution{fitness=0.6666666666666666, slices=2}
 0  2  2  1  1
 0  2  2  1  1
 0  2  2  0  0"
"[2018-02-19 15:30:00] INFO [hashcode_pizza.genetic.run:207] Epoch 40, Solution{fitness=0.6666666666666666, slices=2}
 0  2  2  1  1
 0  2  2  1  1
 0  2  2  0  0"
"[2018-02-19 15:30:00] INFO [hashcode_pizza.genetic.run:207] Epoch 50, Solution{fitness=0.6666666666666666, slices=2}
 0  2  2  1  1
 0  2  2  1  1
 0  2  2  0  0"
"[2018-02-19 15:30:00] INFO [hashcode_pizza.genetic.run:207] Epoch 60, Solution{fitness=0.8, slices=2}
 0  1  1  2  2
 0  1  1  2  2
 0  1  1  2  2"
"[2018-02-19 15:30:00] INFO [hashcode_pizza.genetic.run:207] Epoch 70, Solution{fitness=0.8, slices=2}
 0  1  1  2  2
 0  1  1  2  2
 0  1  1  2  2"
"[2018-02-19 15:30:00] INFO [hashcode_pizza.genetic.run:207] Epoch 80, Solution{fitness=0.8, slices=2}
 0  1  1  2  2
 0  1  1  2  2
 0  1  1  2  2"
"[2018-02-19 15:30:00] INFO [hashcode_pizza.genetic.run:207] Epoch 90, Solution{fitness=0.7333333333333333, slices=3}
 2  2  3  1  0
 2  2  3  1  0
 2  2  3  0  0"
"[2018-02-19 15:31:31] INFO [hashcode_pizza.genetic.run:201] Genetic Algorithm parameters:
   Maximum number of epochs:   100
Threshold to stop evolution: 90.00%
                     Retain: 20.00%
                     Select: 5.00%
                     Mutate: 1.00%"
"[2018-02-19 15:31:31] INFO [hashcode_pizza.genetic.run:207] Epoch 0, Solution{fitness=0.8, slices=2}
 2  2  1  1  0
 2  2  1  1  0
 2  2  1  1  0"
"[2018-02-19 15:31:31] INFO [hashcode_pizza.genetic.run:207] Epoch 10, Solution{fitness=0.8, slices=2}
 2  2  1  1  0
 2  2  1  1  0
 2  2  1  1  0"
"[2018-02-19 15:31:31] INFO [hashcode_pizza.genetic.run:207] Epoch 20, Solution{fitness=0.8, slices=2}
 2  2  1  1  0
 2  2  1  1  0
 2  2  1  1  0"
"[2018-02-19 15:31:31] INFO [hashcode_pizza.genetic.run:207] Epoch 30, Solution{fitness=0.8, slices=2}
 2  2  1  1  0
 2  2  1  1  0
 2  2  1  1  0"
"[2018-02-19 15:31:31] INFO [hashcode_pizza.genetic.run:207] Epoch 40, Solution{fitness=0.8, slices=2}
 2  2  1  1  0
 2  2  1  1  0
 2  2  1  1  0"
"[2018-02-19 15:31:31] INFO [hashcode_pizza.genetic.run:207] Epoch 50, Solution{fitness=0.8, slices=2}
 2  2  1  1  0
 2  2  1  1  0
 2  2  1  1  0"
"[2018-02-19 15:31:31] INFO [hashcode_pizza.genetic.run:207] Epoch 60, Solution{fitness=0.8, slices=3}
 1  1  2  0  0
 1  1  2  3  3
 1  1  0  3  3"
"[2018-02-19 15:31:31] INFO [hashcode_pizza.genetic.run:207] Epoch 70, Solution{fitness=0.8, slices=3}
 1  1  2  0  0
 1  1  2  3  3
 1  1  0  3  3"
"[2018-02-19 15:31:31] INFO [hashcode_pizza.genetic.run:207] Epoch 80, Solution{fitness=0.8, slices=3}
 1  1  2  0  0
 1  1  2  3  3
 1  1  0  3  3"
"[2018-02-19 15:31:31] INFO [hashcode_pizza.genetic.run:207] Epoch 90, Solution{fitness=0.8, slices=3}
 1  1  2  0  0
 1  1  2  3  3
 1  1  0  3  3"
"[2018-02-19 15:31:46] INFO [hashcode_pizza.genetic.run:201] Genetic Algorithm parameters:
   Maximum number of epochs:    100
Threshold to stop evolution: 90.00%
                     Retain: 20.00%
                     Select:  5.00%
                     Mutate:  1.00%"
"[2018-02-19 15:31:46] INFO [hashcode_pizza.genetic.run:207] Epoch 0, Solution{fitness=0.8666666666666667, slices=3}
 0  0  3  2  2
 1  1  3  2  2
 1  1  3  2  2"
"[2018-02-19 15:31:46] INFO [hashcode_pizza.genetic.run:207] Epoch 10, Solution{fitness=0.8666666666666667, slices=3}
 0  0  3  2  2
 1  1  3  2  2
 1  1  3  2  2"
"[2018-02-19 15:31:46] INFO [hashcode_pizza.genetic.run:207] Epoch 20, Solution{fitness=0.8666666666666667, slices=3}
 0  0  3  2  2
 1  1  3  2  2
 1  1  3  2  2"
"[2018-02-19 15:31:46] INFO [hashcode_pizza.genetic.run:207] Epoch 30, Solution{fitness=0.8666666666666667, slices=3}
 0  0  3  2  2
 1  1  3  2  2
 1  1  3  2  2"
"[2018-02-19 15:31:46] INFO [hashcode_pizza.genetic.run:207] Epoch 40, Solution{fitness=0.8, slices=2}
 1  1  2  2  0
 1  1  2  2  0
 1  1  2  2  0"
"[2018-02-19 15:31:46] INFO [hashcode_pizza.genetic.run:207] Epoch 50, Solution{fitness=0.6666666666666666, slices=2}
 0  0  1  1  0
 2  2  1  1  0
 2  2  1  1  0"
"[2018-02-19 15:31:46] INFO [hashcode_pizza.genetic.run:207] Epoch 60, Solution{fitness=0.6666666666666666, slices=2}
 0  0  1  1  0
 2  2  1  1  0
 2  2  1  1  0"
"[2018-02-19 15:31:46] INFO [hashcode_pizza.genetic.run:207] Epoch 70, Solution{fitness=0.6666666666666666, slices=2}
 0  0  1  1  0
 2  2  1  1  0
 2  2  1  1  0"
"[2018-02-19 15:31:46] INFO [hashcode_pizza.genetic.run:207] Epoch 80, Solution{fitness=0.6666666666666666, slices=2}
 0  0  1  1  0
 2  2  1  1  0
 2  2  1  1  0"
"[2018-02-19 15:31:46] INFO [hashcode_pizza.genetic.run:207] Epoch 90, Solution{fitness=0.6666666666666666, slices=2}
 0  0  1  1  0
 2  2  1  1  0
 2  2  1  1  0"
"[2018-02-19 15:32:27] INFO [hashcode_pizza.genetic.run:201] Genetic Algorithm parameters:
   Maximum number of epochs:  10000
Threshold to stop evolution: 100.00%
                     Retain: 20.00%
                     Select:  5.00%
                     Mutate:  1.00%"
"[2018-02-19 15:32:27] INFO [hashcode_pizza.genetic.run:207] Epoch 0, Solution{fitness=0.8666666666666667, slices=3}
 0  0  1  2  2
 3  3  1  2  2
 3  3  1  2  2"
"[2018-02-19 15:32:28] INFO [hashcode_pizza.genetic.run:207] Epoch 1000, Solution{fitness=0.6666666666666666, slices=2}
 1  1  0  2  2
 1  1  0  2  2
 0  0  0  2  2"
"[2018-02-19 15:32:28] INFO [hashcode_pizza.genetic.run:207] Epoch 2000, Solution{fitness=0.8, slices=2}
 2  2  1  1  1
 2  2  1  1  1
 2  2  0  0  0"
"[2018-02-19 15:32:29] INFO [hashcode_pizza.genetic.run:207] Epoch 3000, Solution{fitness=0.8, slices=3}
 1  1  2  3  3
 1  1  2  3  3
 0  0  0  3  3"
"[2018-02-19 15:32:30] INFO [hashcode_pizza.genetic.run:207] Epoch 4000, Solution{fitness=0.8, slices=2}
 2  2  1  1  1
 2  2  1  1  1
 2  2  0  0  0"
"[2018-02-19 15:32:31] INFO [hashcode_pizza.genetic.run:207] Epoch 5000, Solution{fitness=0.8666666666666667, slices=3}
 1  1  3  2  2
 1  1  3  2  2
 0  0  3  2  2"
"[2018-02-19 15:32:32] INFO [hashcode_pizza.genetic.run:207] Epoch 6000, Solution{fitness=0.8, slices=2}
 2  2  1  1  1
 2  2  1  1  1
 2  2  0  0  0"
"[2018-02-19 15:32:33] INFO [hashcode_pizza.genetic.run:207] Epoch 7000, Solution{fitness=0.6666666666666666, slices=2}
 2  2  1  1  1
 2  2  1  1  1
 0  0  0  0  0"
"[2018-02-19 15:32:34] INFO [hashcode_pizza.genetic.run:207] Epoch 8000, Solution{fitness=0.8, slices=2}
 2  2  1  1  1
 2  2  1  1  1
 2  2  0  0  0"
"[2018-02-19 15:32:35] INFO [hashcode_pizza.genetic.run:207] Epoch 9000, Solution{fitness=0.8, slices=2}
 2  2  1  1  1
 2  2  1  1  1
 2  2  0  0  0"
"[2018-02-19 15:32:43] INFO [hashcode_pizza.genetic.run:201] Genetic Algorithm parameters:
   Maximum number of epochs: 100000
Threshold to stop evolution: 100.00%
                     Retain: 20.00%
                     Select:  5.00%
                     Mutate:  1.00%"
"[2018-02-19 15:32:43] INFO [hashcode_pizza.genetic.run:207] Epoch 0, Solution{fitness=0.8, slices=2}
 1  1  2  2  0
 1  1  2  2  0
 1  1  2  2  0"
"[2018-02-19 15:32:52] INFO [hashcode_pizza.genetic.run:207] Epoch 10000, Solution{fitness=0.8, slices=2}
 2  2  1  1  1
 2  2  1  1  1
 2  2  0  0  0"
"[2018-02-19 15:33:01] INFO [hashcode_pizza.genetic.run:207] Epoch 20000, Solution{fitness=0.6666666666666666, slices=2}
 2  2  2  0  0
 2  2  2  1  1
 0  0  0  1  1"
"[2018-02-19 15:33:10] INFO [hashcode_pizza.genetic.run:207] Epoch 30000, Solution{fitness=0.6666666666666666, slices=2}
 1  1  0  0  0
 1  1  0  2  2
 1  1  0  2  2"
"[2018-02-19 15:33:18] INFO [hashcode_pizza.genetic.run:207] Epoch 40000, Solution{fitness=0.8, slices=2}
 2  2  1  1  1
 2  2  1  1  1
 2  2  0  0  0"
"[2018-02-19 15:33:27] INFO [hashcode_pizza.genetic.run:207] Epoch 50000, Solution{fitness=0.8, slices=2}
 2  2  1  1  1
 2  2  1  1  1
 2  2  0  0  0"
"[2018-02-19 15:33:36] INFO [hashcode_pizza.genetic.run:207] Epoch 60000, Solution{fitness=0.6666666666666666, slices=2}
 1  1  2  2  2
 1  1  2  2  2
 0  0  0  0  0"
"[2018-02-19 15:33:45] INFO [hashcode_pizza.genetic.run:207] Epoch 70000, Solution{fitness=0.8, slices=2}
 2  2  1  1  1
 2  2  1  1  1
 2  2  0  0  0"
"[2018-02-19 15:34:13] INFO [hashcode_pizza.genetic.run:201] Genetic Algorithm parameters:
   Maximum number of epochs: 100000
Threshold to stop evolution: 100.00%
                     Retain: 20.00%
                     Select:  5.00%
                     Mutate:  1.00%"
"[2018-02-19 15:34:13] INFO [hashcode_pizza.genetic.run:207] Epoch 0, Solution{fitness=0.30952380952380953, slices=3}
 2  0  0  1  1  0  0
 2  0  0  1  1  0  0
 2  0  0  0  0  0  0
 2  0  0  0  0  0  0
 2  0  0  0  0  0  0
 0  0  0  3  3  3  3"
"[2018-02-19 15:34:29] INFO [hashcode_pizza.genetic.run:207] Epoch 10000, Solution{fitness=0.9285714285714286, slices=10}
 1  1  1  1  1  0  6
 3  5  5  5  5  5  6
 3  4  4  4  2  2  2
 7  7 10 10 10 10 10
 7  7  8  8  8  8  8
 0  0  9  9  9  9  9"
"[2018-02-19 15:34:47] INFO [hashcode_pizza.genetic.run:207] Epoch 20000, Solution{fitness=0.9285714285714286, slices=10}
 1  1  1  1  1  0  6
 3  5  5  5  5  5  6
 3  4  4  4  2  2  2
10 10  8  8  8  8  8
10 10  7  7  7  7  7
 0  0  9  9  9  9  9"
"[2018-02-19 15:35:05] INFO [hashcode_pizza.genetic.run:207] Epoch 30000, Solution{fitness=0.9285714285714286, slices=10}
 1  1  1  1  1  0  4
 2  5  5  5  5  5  4
 2  3  3  3  6  6  6
 8  8 10 10 10 10 10
 8  8  9  9  9  9  9
 0  0  7  7  7  7  7"
"[2018-02-19 15:35:22] INFO [hashcode_pizza.genetic.run:207] Epoch 40000, Solution{fitness=0.9285714285714286, slices=10}
 1  1  1  1  1  0  6
 2  4  4  4  4  4  6
 2  3  3  3  5  5  5
 8  8  9  9  9  9  9
 8  8  7  7  7  7  7
 0  0 10 10 10 10 10"
"[2018-02-19 15:35:40] INFO [hashcode_pizza.genetic.run:207] Epoch 50000, Solution{fitness=0.9285714285714286, slices=10}
 1  1  1  1  1  0  5
 2  6  6  6  6  6  5
 2  3  3  3  4  4  4
 8  8  9  9  9  9  9
 8  8  7  7  7  7  7
 0  0 10 10 10 10 10"
"[2018-02-19 15:35:58] INFO [hashcode_pizza.genetic.run:207] Epoch 60000, Solution{fitness=0.9285714285714286, slices=10}
 1  1  1  1  1  0  6
 2  5  5  5  5  5  6
 2  3  3  3  4  4  4
10 10  7  7  7  7  7
10 10  9  9  9  9  9
 0  0  8  8  8  8  8"
"[2018-02-19 15:36:14] INFO [hashcode_pizza.genetic.run:207] Epoch 70000, Solution{fitness=0.9285714285714286, slices=10}
 1  1  1  1  1  0  6
 2  5  5  5  5  5  6
 2  3  3  3  4  4  4
10 10  7  7  7  7  7
10 10  8  8  8  8  8
 0  0  9  9  9  9  9"
"[2018-02-19 15:36:30] INFO [hashcode_pizza.genetic.run:207] Epoch 80000, Solution{fitness=0.9285714285714286, slices=10}
 1  1  1  1  1  0  4
 5  6  6  6  6  6  4
 5  2  2  2  3  3  3
 9  9 10 10 10 10 10
 9  9  7  7  7  7  7
 0  0  8  8  8  8  8"
"[2018-02-19 15:36:47] INFO [hashcode_pizza.genetic.run:207] Epoch 90000, Solution{fitness=0.9285714285714286, slices=10}
 1  1  1  1  1  0  4
 3  5  5  5  5  5  4
 3  2  2  2  6  6  6
 7  7  9  9  9  9  9
 7  7 10 10 10 10 10
 0  0  8  8  8  8  8"
